<?xml version="1.0" encoding="UTF-8"?>
<testng-results skipped="0" failed="0" ignored="0" total="1" passed="1">
  <reporter-output>
  </reporter-output>
  <suite name="Default suite" duration-ms="21731" started-at="2020-08-24T19:47:02Z" finished-at="2020-08-24T19:47:24Z">
    <groups>
      <group name="cucumber">
        <method signature="AbstractTestNGCucumberTests.runScenario(cucumber.api.testng.PickleEventWrapper, cucumber.api.testng.CucumberFeatureWrapper)[pri:0, instance:com.test.runner.ZooplaRunner@d706f19]" name="runScenario" class="cucumber.api.testng.AbstractTestNGCucumberTests"/>
      </group> <!-- cucumber -->
    </groups>
    <test name="Default test" duration-ms="21731" started-at="2020-08-24T19:47:02Z" finished-at="2020-08-24T19:47:24Z">
      <class name="com.test.runner.ZooplaRunner">
        <test-method status="PASS" signature="setUpClass()[pri:0, instance:com.test.runner.ZooplaRunner@d706f19]" name="setUpClass" is-config="true" duration-ms="94" started-at="2020-08-24T19:47:02Z" finished-at="2020-08-24T19:47:02Z">
          <reporter-output>
          </reporter-output>
        </test-method> <!-- setUpClass -->
        <test-method status="PASS" signature="runScenario(cucumber.api.testng.PickleEventWrapper, cucumber.api.testng.CucumberFeatureWrapper)[pri:0, instance:com.test.runner.ZooplaRunner@d706f19]" name="runScenario" duration-ms="21574" started-at="2020-08-24T19:47:02Z" description="Runs Cucumber Scenarios" data-provider="scenarios" finished-at="2020-08-24T19:47:24Z">
          <params>
            <param index="0">
              <value>
                <![CDATA["Search Property"]]>
              </value>
            </param>
            <param index="1">
              <value>
                <![CDATA["Zoopla Automation"]]>
              </value>
            </param>
          </params>
          <reporter-output>
          </reporter-output>
        </test-method> <!-- runScenario -->
        <test-method status="PASS" signature="tearDownClass()[pri:0, instance:com.test.runner.ZooplaRunner@d706f19]" name="tearDownClass" is-config="true" duration-ms="33" started-at="2020-08-24T19:47:24Z" finished-at="2020-08-24T19:47:24Z">
          <reporter-output>
          </reporter-output>
        </test-method> <!-- tearDownClass -->
      </class> <!-- com.test.runner.ZooplaRunner -->
    </test> <!-- Default test -->
  </suite> <!-- Default suite -->
</testng-results>
